<?xml version="1.0" encoding="UTF-8"?>
<!-- Generated by org.testng.reporters.JUnitReportReporter -->
<testsuite hostname="Rojina" failures="0" tests="4" name="com.testRunner.CucumberRunner" time="7.371" errors="0" timestamp="2023-07-05T02:03:06 EDT" skipped="0">
  <testcase classname="com.testRunner.CucumberRunner" name="test1" time="0.004"/>
  <system-out/>
  <testcase classname="com.testRunner.CucumberRunner" name="runScenario" time="3.493"/>
  <system-out/>
  <testcase classname="com.testRunner.CucumberRunner" name="runScenario" time="2.117"/>
  <system-out/>
  <testcase classname="com.testRunner.CucumberRunner" name="runScenario" time="1.757"/>
  <system-out/>
</testsuite> <!-- com.testRunner.CucumberRunner -->
