<?xml version="1.0" encoding="UTF-8"?>
<!-- Generated by org.testng.reporters.JUnitReportReporter -->
<testsuite hostname="Rojina" failures="0" tests="4" name="com.testRunner.CucumberRunner" time="7.024" errors="0" timestamp="2023-07-04T21:43:23 EDT" skipped="0">
  <testcase classname="com.testRunner.CucumberRunner" name="runScenario" time="3.038"/>
  <system-out/>
  <testcase classname="com.testRunner.CucumberRunner" name="test1" time="0.001"/>
  <system-out/>
  <testcase classname="com.testRunner.CucumberRunner" name="runScenario" time="2.090"/>
  <system-out/>
  <testcase classname="com.testRunner.CucumberRunner" name="runScenario" time="1.895"/>
  <system-out/>
</testsuite> <!-- com.testRunner.CucumberRunner -->
